Using pre-set license
Built from '2020.3/release' branch; Version is '2020.3.12f1 (b3b2c6512326) revision 11776710'; Using compiler version '192528614'; Build Type 'Release'
OS: 'Windows 10 Home; OS build 19043.1083; Version 2009; 64bit' Language: 'en' Physical Memory: 2047 MB
BatchMode: 1, IsHumanControllingUs: 0, StartBugReporterOnCrash: 0, Is64bit: 1, IsPro: 0

 COMMAND LINE ARGUMENTS:
C:\Program Files\Unity\Hub\Editor\2020.3.12f1\Editor\Unity.exe
-adb2
-batchMode
-noUpm
-name
AssetImportWorker3
-projectPath
C:/Users/medfo/OneDrive/Documents/GitHub/0x02-unity-scripting
-logFile
Logs/AssetImportWorker3.log
-srvPort
51273
Successfully changed project path to: C:/Users/medfo/OneDrive/Documents/GitHub/0x02-unity-scripting
C:/Users/medfo/OneDrive/Documents/GitHub/0x02-unity-scripting
Using Asset Import Pipeline V2.
